PIF:
#, -1
let, -1
int, -1
identifier, 0
;, -1
read, -1
(, -1
identifier, 0
), -1
;, -1
let, -1
int, -1
identifier, 1
=, -1
-, -1
constant, 2
;, -1
identifier, 1
=, -1
constant, 3
;, -1
let, -1
bool, -1
identifier, 4
;, -1
identifier, 4
=, -1
false, -1
;, -1
while, -1
(, -1
identifier, 1
<, -1
identifier, 0
/, -1
constant, 3
), -1
do, -1
{, -1
if, -1
(, -1
identifier, 0
%, -1
identifier, 1
==, -1
(, -1
(, -1
constant, 5
+, -1
constant, 5
), -1
*, -1
constant, 2
), -1
then, -1
identifier, 4
=, -1
true, -1
;, -1
identifier, 1
=, -1
identifier, 1
+, -1
constant, 2
;, -1
}, -1
;, -1
if, -1
(, -1
identifier, 4
), -1
then, -1
{, -1
write, -1
(, -1
constant, 6
), -1
;, -1
}, -1
else, -1
{, -1
write, -1
(, -1
constant, 7
), -1
;, -1
}, -1
;, -1
#, -1
